<?xml version="1.0" encoding="UTF-8"?>
<!-- Generated by org.testng.reporters.JUnitReportReporter -->
<testsuite hostname="user-PC" name="autoItTest.AlipayTest" tests="1" failures="0" timestamp="3 Sep 2014 04:05:14 GMT" time="58.967" errors="0">
  <testcase name="TestAlipay" time="58.967" classname="autoItTest.AlipayTest"/>
</testsuite> <!-- autoItTest.AlipayTest -->
