<?xml version="1.0" encoding="UTF-8"?>
<!-- Generated by org.testng.reporters.JUnitReportReporter -->
<testsuite hostname="user-PC" name="TestSqlLiteCon.TestSqlLite" tests="1" failures="0" timestamp="3 Sep 2014 10:55:12 GMT" time="0.015" errors="0">
  <testcase name="testSqlLite" time="0.015" classname="TestSqlLiteCon.TestSqlLite"/>
</testsuite> <!-- TestSqlLiteCon.TestSqlLite -->
