<?xml version="1.0" encoding="UTF-8"?>
<!-- Generated by org.testng.reporters.JUnitReportReporter -->
<testsuite hostname="user-PC" name="TestData.testData" tests="1" failures="0" timestamp="1 Sep 2014 10:13:29 GMT" time="0.011" errors="0">
  <testcase name="testdata" time="0.011" classname="TestData.testData"/>
</testsuite> <!-- TestData.testData -->
