<?xml version="1.0" encoding="UTF-8"?>
<!-- Generated by org.testng.reporters.JUnitReportReporter -->
<testsuite hostname="user-PC" name="MavenTest.TestModule2.TestCaseJar" tests="1" failures="0" timestamp="29 Aug 2014 10:15:42 GMT" time="0.019" errors="0">
  <testcase name="testcaseJar" time="0.019" classname="MavenTest.TestModule2.TestCaseJar"/>
</testsuite> <!-- MavenTest.TestModule2.TestCaseJar -->
