<?xml version="1.0" encoding="UTF-8"?>
<!-- Generated by org.testng.reporters.JUnitReportReporter -->
<testsuite hostname="user-PC" name="MavenTest.TestCases.TestCase_Login163" tests="1" failures="0" timestamp="29 Aug 2014 07:09:19 GMT" time="97.207" errors="0">
  <testcase name="testLogin163" time="97.207" classname="MavenTest.TestCases.TestCase_Login163"/>
</testsuite> <!-- MavenTest.TestCases.TestCase_Login163 -->
