<?xml version="1.0" encoding="UTF-8"?>
<!-- Generated by org.testng.reporters.JUnitReportReporter -->
<testsuite hostname="user-PC" name="MavenTest.TestModule2.TestCaseJar" tests="1" failures="0" timestamp="9 Sep 2014 10:10:27 GMT" time="0.017" errors="0">
  <testcase name="testcaseJar" time="0.017" classname="MavenTest.TestModule2.TestCaseJar"/>
</testsuite> <!-- MavenTest.TestModule2.TestCaseJar -->
