<?xml version="1.0" encoding="UTF-8"?>
<!-- Generated by org.testng.reporters.JUnitReportReporter -->
<testsuite hostname="user-PC" name="MavenTest.TestModule2.TestCaseJar" tests="1" failures="0" timestamp="9 Sep 2014 09:57:37 GMT" time="0.016" errors="0">
  <testcase name="testcaseJar" time="0.016" classname="MavenTest.TestModule2.TestCaseJar"/>
</testsuite> <!-- MavenTest.TestModule2.TestCaseJar -->
