<?xml version="1.0" encoding="UTF-8"?>
<!-- Generated by org.testng.reporters.JUnitReportReporter -->
<testsuite hostname="user-PC" name="MavenTest.TestCases.TestCase_Login163" tests="1" failures="0" timestamp="10 Sep 2014 04:58:23 GMT" time="56.723" errors="0">
  <testcase name="testLogin163" time="56.723" classname="MavenTest.TestCases.TestCase_Login163"/>
</testsuite> <!-- MavenTest.TestCases.TestCase_Login163 -->
