<?xml version="1.0" encoding="UTF-8"?>
<!-- Generated by org.testng.reporters.JUnitReportReporter -->
<testsuite hostname="user-PC" name="MavenTest.TestCases.TestCase_Loginbaidu" tests="1" failures="0" timestamp="29 Aug 2014 06:42:14 GMT" time="1.784" errors="0">
  <testcase name="TestLoginBaidu" time="1.784" classname="MavenTest.TestCases.TestCase_Loginbaidu"/>
</testsuite> <!-- MavenTest.TestCases.TestCase_Loginbaidu -->
