<?xml version="1.0" encoding="UTF-8"?>
<!-- Generated by org.testng.reporters.JUnitReportReporter -->
<testsuite hostname="user-PC" name="MavenTest.TestModule1.TestLogin" tests="2" failures="0" timestamp="29 Aug 2014 06:54:29 GMT" time="34.677" errors="0">
  <testcase name="testLoginJD" time="8.737" classname="MavenTest.TestModule1.TestLogin"/>
  <testcase name="testLoginYX" time="25.940" classname="MavenTest.TestModule1.TestLogin"/>
</testsuite> <!-- MavenTest.TestModule1.TestLogin -->
